<?xml version="1.0" encoding="UTF-8"?>
<!-- Generated by org.testng.reporters.JUnitReportReporter -->
<testsuite hostname="LAPTOP-M2QN05D0" failures="0" tests="1" name="testpkg.TestClass" time="0.059" errors="0" timestamp="2024-04-03T19:14:29 IST" skipped="0">
  <testcase classname="testpkg.TestClass" name="verifyLoginWithValidCred" time="0.059"/>
</testsuite> <!-- testpkg.TestClass -->
